04/16/2021 02:12:34 PM - root - INFO: ******************* Verifying  test_homepagetitle  ***********************
04/16/2021 02:12:43 PM - root - INFO: ******************* test_homepagetitle passed  ***********************
04/16/2021 02:12:46 PM - root - INFO: ******************* Verifying  test_login  ***********************
04/16/2021 02:12:56 PM - root - INFO: ******************* test_login passed  ***********************
04/16/2021 02:44:04 PM - root - INFO: ******************* Verifying  Test_001_Login  ***********************
04/16/2021 02:44:04 PM - root - INFO: ******************* Verifying  test_homepagetitle  ***********************
04/16/2021 02:44:16 PM - root - INFO: ******************* test_homepagetitle passed  ***********************
04/16/2021 02:44:19 PM - root - INFO: ******************* Verifying  test_login  ***********************
04/16/2021 02:44:33 PM - root - INFO: ******************* test_login passed  ***********************
04/16/2021 02:52:58 PM - root - INFO: ******************* Verifying  test_login  ***********************
04/16/2021 02:52:58 PM - root - INFO: ******************* Verifying  Test_001_Login  ***********************
04/16/2021 02:52:58 PM - root - INFO: ******************* Verifying  test_homepagetitle  ***********************
04/16/2021 02:53:05 PM - root - INFO: ******************* test_homepagetitle passed  ***********************
04/16/2021 02:53:20 PM - root - INFO: ******************* test_login passed  ***********************
04/16/2021 02:53:53 PM - root - INFO: ******************* Verifying  Test_001_Login  ***********************
04/16/2021 02:53:53 PM - root - INFO: ******************* Verifying  test_homepagetitle  ***********************
04/16/2021 02:53:53 PM - root - INFO: ******************* Verifying  test_login  ***********************
04/16/2021 02:54:04 PM - root - INFO: ******************* test_homepagetitle passed  ***********************
04/16/2021 02:54:16 PM - root - INFO: ******************* test_login passed  ***********************
04/16/2021 02:55:16 PM - root - INFO: ******************* Verifying  test_login  ***********************
04/16/2021 02:55:16 PM - root - INFO: ******************* Verifying  Test_001_Login  ***********************
04/16/2021 02:55:16 PM - root - INFO: ******************* Verifying  test_homepagetitle  ***********************
04/16/2021 02:55:24 PM - root - INFO: ******************* test_homepagetitle passed  ***********************
04/16/2021 02:55:34 PM - root - INFO: ******************* test_login passed  ***********************
04/16/2021 08:06:12 PM - root - INFO: ******************* Verifying  Test_001_Login  ***********************
04/16/2021 08:06:12 PM - root - INFO: ******************* Verifying  test_homepagetitle  ***********************
04/16/2021 08:06:12 PM - root - INFO: ******************* Verifying  test_login  ***********************
04/16/2021 08:06:19 PM - root - INFO: ******************* test_homepagetitle passed  ***********************
04/16/2021 08:06:31 PM - root - INFO: ******************* test_login passed  ***********************
04/16/2021 08:36:40 PM - root - INFO: ******************* Verifying  test_login  ***********************
04/16/2021 08:36:40 PM - root - INFO: ******************* Verifying  Test_001_Login  ***********************
04/16/2021 08:36:40 PM - root - INFO: ******************* Verifying  test_homepagetitle  ***********************
04/16/2021 08:36:49 PM - root - INFO: ******************* test_homepagetitle passed  ***********************
04/16/2021 08:37:04 PM - root - INFO: ******************* test_login passed  ***********************
04/16/2021 10:21:38 PM - root - INFO: ******************* Verifying  Test_001_Login  ***********************
04/16/2021 10:21:38 PM - root - INFO: ******************* Verifying  test_homepagetitle  ***********************
04/16/2021 10:21:44 PM - root - INFO: ******************* test_homepagetitle passed  ***********************
04/16/2021 10:21:46 PM - root - INFO: ******************* Verifying  test_login  ***********************
04/16/2021 10:22:03 PM - root - INFO: ******************* test_login passed  ***********************
04/16/2021 10:22:27 PM - root - INFO: ******************* Test_002_DDT_Login  ***********************
04/16/2021 10:22:27 PM - root - INFO: ******************* Verifying  test_login_ddt  ***********************
04/16/2021 10:22:44 PM - root - INFO: Passed
04/16/2021 10:24:07 PM - root - INFO: ******************* Test_002_DDT_Login  ***********************
04/16/2021 10:24:07 PM - root - INFO: ******************* Verifying  test_login_ddt  ***********************
04/16/2021 10:24:30 PM - root - INFO: Passed
04/16/2021 10:24:33 PM - root - INFO: Test_002_DDT_Login Passed
04/16/2021 10:29:21 PM - root - INFO: ******************* Test_002_DDT_Login  ***********************
04/16/2021 10:29:21 PM - root - INFO: ******************* Verifying  test_login_ddt  ***********************
04/16/2021 10:29:46 PM - root - INFO: Passed
04/16/2021 10:29:55 PM - root - INFO: Passed
04/16/2021 10:34:51 PM - root - INFO: ******************* Test_002_DDT_Login  ***********************
04/16/2021 10:34:51 PM - root - INFO: ******************* Verifying  test_login_ddt  ***********************
04/16/2021 10:35:09 PM - root - INFO: Passed
04/16/2021 10:35:17 PM - root - INFO: Passed
04/16/2021 10:37:01 PM - root - INFO: ******************* Test_002_DDT_Login  ***********************
04/16/2021 10:37:01 PM - root - INFO: ******************* Verifying  test_login_ddt  ***********************
04/16/2021 10:37:18 PM - root - INFO: Passed
04/16/2021 10:37:30 PM - root - INFO: Passed
04/16/2021 10:39:23 PM - root - INFO: ******************* Test_002_DDT_Login  ***********************
04/16/2021 10:39:23 PM - root - INFO: ******************* Verifying  test_login_ddt  ***********************
04/16/2021 10:39:53 PM - root - INFO: Passed
04/16/2021 10:40:13 PM - root - INFO: Passed
04/17/2021 12:46:49 PM - root - INFO: ******************* Test_002_DDT_Login  ***********************
04/17/2021 12:46:49 PM - root - INFO: ******************* Verifying  test_login_ddt  ***********************
04/17/2021 12:47:12 PM - root - INFO: Passed
04/17/2021 12:49:37 PM - root - INFO: ******************* Test_002_DDT_Login  ***********************
04/17/2021 12:49:37 PM - root - INFO: ******************* Verifying  test_login_ddt  ***********************
04/17/2021 12:49:58 PM - root - INFO: Passed
04/17/2021 12:50:15 PM - root - INFO: Passed
04/17/2021 01:07:41 PM - root - INFO: ******************* Test_002_DDT_Login  ***********************
04/17/2021 01:07:41 PM - root - INFO: ******************* Verifying  test_login_ddt  ***********************
04/17/2021 01:08:05 PM - root - INFO: Passed
04/17/2021 01:08:22 PM - root - INFO: Passed
04/17/2021 01:14:40 PM - root - INFO: ******************* Test_002_DDT_Login  ***********************
04/17/2021 01:14:40 PM - root - INFO: ******************* Verifying  test_login_ddt  ***********************
04/17/2021 01:15:12 PM - root - INFO: Passed
04/17/2021 01:15:33 PM - root - INFO: Passed
04/17/2021 01:17:42 PM - root - INFO: ******************* Test_002_DDT_Login  ***********************
04/17/2021 01:17:42 PM - root - INFO: ******************* Verifying  test_login_ddt  ***********************
04/17/2021 01:18:14 PM - root - INFO: Passed
04/17/2021 01:18:39 PM - root - INFO: Passed
04/17/2021 01:43:30 PM - root - INFO: ******************* Test_002_DDT_Login  ***********************
04/17/2021 01:43:30 PM - root - INFO: ******************* Verifying  test_login_ddt  ***********************
04/17/2021 01:43:57 PM - root - INFO: Passed
04/17/2021 01:44:19 PM - root - INFO: Passed
04/17/2021 01:53:08 PM - root - INFO: ******************* Test_002_DDT_Login  ***********************
04/17/2021 01:53:08 PM - root - INFO: ******************* Verifying  test_login_ddt  ***********************
04/17/2021 01:53:41 PM - root - INFO: Passed
04/17/2021 01:54:10 PM - root - INFO: Passed
04/18/2021 10:12:36 AM - root - INFO: ******************* Test_002_DDT_Login  ***********************
04/18/2021 10:12:36 AM - root - INFO: ******************* Verifying  test_login_ddt  ***********************
04/18/2021 10:12:51 AM - root - INFO: Passed
04/18/2021 10:13:04 AM - root - INFO: Passed
04/18/2021 10:15:01 AM - root - INFO: ******************* Test_002_DDT_Login  ***********************
04/18/2021 10:15:01 AM - root - INFO: ******************* Verifying  test_login_ddt  ***********************
04/18/2021 10:15:21 AM - root - INFO: Passed
04/18/2021 10:15:35 AM - root - INFO: Passed
04/18/2021 10:18:12 AM - root - INFO: ******************* Test_002_DDT_Login  ***********************
04/18/2021 10:18:12 AM - root - INFO: ******************* Verifying  test_login_ddt  ***********************
04/18/2021 10:19:04 AM - root - INFO: Passed
04/18/2021 10:19:18 AM - root - INFO: Passed
04/18/2021 10:19:18 AM - root - INFO: Test_002_DDT_Login Passed
04/18/2021 10:19:18 AM - root - INFO: *****************End of Test_002_DDT_Login ***************
04/18/2021 02:29:01 PM - root - INFO: ******************* Test_002_DDT_Login  ***********************
04/18/2021 02:29:01 PM - root - INFO: ******************* Verifying  test_login_ddt  ***********************
04/18/2021 02:29:14 PM - root - INFO: Failed
04/18/2021 02:32:52 PM - root - INFO: ******************* Test_002_DDT_Login  ***********************
04/18/2021 02:32:52 PM - root - INFO: ******************* Verifying  test_login_ddt  ***********************
04/18/2021 02:33:05 PM - root - INFO: Failed
04/18/2021 02:35:58 PM - root - INFO: ******************* Test_002_DDT_Login  ***********************
04/18/2021 02:35:58 PM - root - INFO: ******************* Verifying  test_login_ddt  ***********************
04/18/2021 02:36:16 PM - root - INFO: Failed
04/18/2021 02:36:31 PM - root - INFO: Passed
04/18/2021 02:39:19 PM - root - INFO: ******************* Test_002_DDT_Login  ***********************
04/18/2021 02:39:19 PM - root - INFO: ******************* Verifying  test_login_ddt  ***********************
04/18/2021 02:39:37 PM - root - INFO: Failed
04/18/2021 02:39:53 PM - root - INFO: Passed
04/18/2021 02:42:12 PM - root - INFO: ******************* Test_002_DDT_Login  ***********************
04/18/2021 02:42:12 PM - root - INFO: ******************* Verifying  test_login_ddt  ***********************
04/18/2021 02:42:31 PM - root - INFO: Failed
04/18/2021 02:42:45 PM - root - INFO: Passed
04/18/2021 02:46:37 PM - root - INFO: ******************* Test_002_DDT_Login  ***********************
04/18/2021 02:46:37 PM - root - INFO: ******************* Verifying  test_login_ddt  ***********************
04/18/2021 02:46:55 PM - root - INFO: Passed
04/18/2021 02:47:10 PM - root - INFO: Passed
04/18/2021 02:47:33 PM - root - INFO: Passed
04/18/2021 02:47:54 PM - root - INFO: Passed
04/18/2021 02:47:54 PM - root - INFO: Test_002_DDT_Login Passed
04/18/2021 02:47:54 PM - root - INFO: *****************End of Test_002_DDT_Login ***************
04/18/2021 07:23:19 PM - root - INFO: ******************* Verifying  test_login  ***********************
04/18/2021 07:23:48 PM - root - INFO: ******************* test_login passed  ***********************
04/18/2021 08:55:28 PM - root - INFO: ******************* Verifying  test_login  ***********************
04/18/2021 08:55:47 PM - root - INFO: ******************* test_login passed  ***********************
